2018-11-17 20:10:27,583  WARN [ModalContext] - ScalaProject - Project SparkScalaProject has platform default sourceLevel.
2018-11-17 20:10:27,586  WARN [ModalContext] - ScalaProject - Project SparkScalaProject runs on platform default installation.
2018-11-17 20:10:28,546  WARN [Worker-12] - ScalaProject - Project SparkScalaProject has platform default sourceLevel.
2018-11-17 20:10:28,547  WARN [Worker-12] - ScalaProject - Project SparkScalaProject runs on platform default installation.
2018-11-17 20:11:45,344  WARN [Worker-9] - ScalaProject - Project SparkScalaProject has platform default sourceLevel.
2018-11-17 20:11:45,344  WARN [Worker-9] - ScalaProject - Project SparkScalaProject runs on platform default installation.
2018-11-17 20:12:33,811  WARN [Worker-0] - ScalaProject - Project SparkScalaProject has platform default sourceLevel.
2018-11-17 20:12:33,811  WARN [Worker-0] - ScalaProject - Project SparkScalaProject runs on platform default installation.
2018-11-17 20:12:34,948  WARN [Worker-5] - ScalaProject - Project SparkScalaProject has platform default sourceLevel.
2018-11-17 20:12:34,949  WARN [Worker-5] - ScalaProject - Project SparkScalaProject runs on platform default installation.
2018-11-17 20:13:09,485  WARN [Worker-5] - ScalaProject - Project SparkScalaProject has platform default sourceLevel.
2018-11-17 20:13:09,485  WARN [Worker-5] - ScalaProject - Project SparkScalaProject runs on platform default installation.
2018-11-17 20:16:15,473  WARN [main] - org.scala-ide.sdt.core - org.scala-ide.sdt.core - org.scala-ide.sdt.core - 0 - Preference scala.compiler.sourceLevel was uninitialized for SparkScalaProject, setting default to 2.12.
2018-11-18 13:34:28,053  WARN [org.scalaide.ui.internal.reconciliation.ScalaReconciler] - CallByNameParamAtCreationPresenter - Timeout while waiting for `askLoadedTyped` during semantic highlighting.
2018-11-18 13:42:26,861  WARN [ModalContext] - ScalaProject - Project SparkScalaProject2 has platform default sourceLevel.
2018-11-18 13:42:26,861  WARN [ModalContext] - ScalaProject - Project SparkScalaProject2 runs on platform default installation.
2018-11-18 13:42:27,153  WARN [Worker-35] - ScalaProject - Project SparkScalaProject2 has platform default sourceLevel.
2018-11-18 13:42:27,153  WARN [Worker-35] - ScalaProject - Project SparkScalaProject2 runs on platform default installation.
2018-11-18 13:42:44,309  WARN [Java indexing] - ScalaProject - Project SparkScalaProject2 has platform default sourceLevel.
2018-11-18 13:42:44,310  WARN [Java indexing] - ScalaProject - Project SparkScalaProject2 runs on platform default installation.
2018-11-18 13:42:45,349  WARN [org.scalaide.ui.internal.reconciliation.ScalaReconciler] - ImplicitHighlightingPresenter - Timeout while waiting for `askLoadedTyped` during semantic highlighting.
2018-11-18 13:42:45,623  WARN [org.scalaide.ui.internal.reconciliation.ScalaReconciler] - CustomSemanticAction - Timeout while waiting for `askLoadedTyped` during semantic highlighting.
2018-11-18 13:42:45,892  WARN [org.scalaide.ui.internal.reconciliation.ScalaReconciler] - CallByNameParamAtCreationPresenter - Timeout while waiting for `askLoadedTyped` during semantic highlighting.
2018-11-18 13:43:01,180  WARN [Worker-39] - ScalaProject - Project SparkScalaProject2 has platform default sourceLevel.
2018-11-18 13:43:01,180  WARN [Worker-39] - ScalaProject - Project SparkScalaProject2 runs on platform default installation.
2018-11-18 13:43:39,061  WARN [Worker-35] - ScalaProject - Project SparkScalaProject2 has platform default sourceLevel.
2018-11-18 13:43:39,061  WARN [Worker-35] - ScalaProject - Project SparkScalaProject2 runs on platform default installation.
2018-11-18 13:43:43,422  WARN [Worker-31] - ScalaProject - Project SparkScalaProject2 has platform default sourceLevel.
2018-11-18 13:43:43,423  WARN [Worker-31] - ScalaProject - Project SparkScalaProject2 runs on platform default installation.
2018-11-18 13:44:18,513 ERROR [main] - org.scala-ide.sdt.core - org.scala-ide.sdt.core - org.scala-ide.sdt.core - 0 - Error thrown while initializing the presentation compiler.
Java Model Exception: Java Model Status [SparkScalaProject does not exist]
	at org.eclipse.jdt.internal.core.JavaElement.newNotPresentException(JavaElement.java:560)
	at org.eclipse.jdt.internal.core.JavaModelManager.getPerProjectInfoCheckExistence(JavaModelManager.java:2471)
	at org.eclipse.jdt.internal.core.JavaProject.getPerProjectInfo(JavaProject.java:2202)
	at org.eclipse.jdt.internal.core.JavaProject.getRawClasspath(JavaProject.java:2224)
	at org.scalaide.core.internal.project.ClasspathManagement.jdkPaths(ClasspathManagement.scala:149)
	at org.scalaide.core.internal.project.ClasspathManagement.jdkPaths$(ClasspathManagement.scala:148)
	at org.scalaide.core.internal.project.ScalaProject.jdkPaths(ScalaProject.scala:150)
	at org.scalaide.core.internal.project.ClasspathManagement.scalaClasspath(ClasspathManagement.scala:136)
	at org.scalaide.core.internal.project.ClasspathManagement.scalaClasspath$(ClasspathManagement.scala:135)
	at org.scalaide.core.internal.project.ScalaProject.scalaClasspath(ScalaProject.scala:150)
	at org.scalaide.core.internal.project.ScalaProject.setupCompilerClasspath(ScalaProject.scala:498)
	at org.scalaide.core.internal.project.ScalaProject.initializeCompilerSettings(ScalaProject.scala:485)
	at org.scalaide.core.internal.project.ScalaProject.prepareCompilerSettings(ScalaProject.scala:438)
	at org.scalaide.core.internal.project.ScalaProject.$anonfun$presentationCompiler$1(ScalaProject.scala:162)
	at org.scalaide.core.internal.compiler.PresentationCompilerProxy.liftedTree1$1(PresentationCompilerProxy.scala:154)
	at org.scalaide.core.internal.compiler.PresentationCompilerProxy.create(PresentationCompilerProxy.scala:153)
	at org.scalaide.core.internal.compiler.PresentationCompilerProxy.initialize(PresentationCompilerProxy.scala:118)
	at org.scalaide.core.internal.compiler.PresentationCompilerProxy.obtainPc$1(PresentationCompilerProxy.scala:80)
	at org.scalaide.core.internal.compiler.PresentationCompilerProxy.internal(PresentationCompilerProxy.scala:100)
	at org.scalaide.core.internal.compiler.PresentationCompilerProxy.apply(PresentationCompilerProxy.scala:58)
	at org.scalaide.core.compiler.InteractiveCompilationUnit.withSourceFile(InteractiveCompilationUnit.scala:201)
	at org.scalaide.core.compiler.InteractiveCompilationUnit.withSourceFile$(InteractiveCompilationUnit.scala:200)
	at org.scalaide.core.internal.jdt.model.ScalaSourceFile.withSourceFile(ScalaSourceFile.scala:71)
	at org.scalaide.debug.internal.editor.TextHoverFactory$$anon$1.$anonfun$getHoverInfo2$1(TextHoverFactory.scala:38)
	at scala.Option.map(Option.scala:146)
	at org.scalaide.debug.internal.editor.TextHoverFactory$$anon$1.getHoverInfo2(TextHoverFactory.scala:37)
	at org.eclipse.jface.text.TextViewerHoverManager$4.run(TextViewerHoverManager.java:166)
2018-11-18 13:44:18,526 ERROR [main] - org.scala-ide.sdt.core - org.scala-ide.sdt.core - org.scala-ide.sdt.core - 0 - Error thrown while initializing the presentation compiler.
Java Model Exception: Java Model Status [SparkScalaProject does not exist]
	at org.eclipse.jdt.internal.core.JavaElement.newNotPresentException(JavaElement.java:560)
	at org.eclipse.jdt.internal.core.JavaModelManager.getPerProjectInfoCheckExistence(JavaModelManager.java:2471)
	at org.eclipse.jdt.internal.core.JavaProject.getPerProjectInfo(JavaProject.java:2202)
	at org.eclipse.jdt.internal.core.JavaProject.getRawClasspath(JavaProject.java:2224)
	at org.scalaide.core.internal.project.ClasspathManagement.jdkPaths(ClasspathManagement.scala:149)
	at org.scalaide.core.internal.project.ClasspathManagement.jdkPaths$(ClasspathManagement.scala:148)
	at org.scalaide.core.internal.project.ScalaProject.jdkPaths(ScalaProject.scala:150)
	at org.scalaide.core.internal.project.ClasspathManagement.scalaClasspath(ClasspathManagement.scala:136)
	at org.scalaide.core.internal.project.ClasspathManagement.scalaClasspath$(ClasspathManagement.scala:135)
	at org.scalaide.core.internal.project.ScalaProject.scalaClasspath(ScalaProject.scala:150)
	at org.scalaide.core.internal.project.ScalaProject.setupCompilerClasspath(ScalaProject.scala:498)
	at org.scalaide.core.internal.project.ScalaProject.initializeCompilerSettings(ScalaProject.scala:485)
	at org.scalaide.core.internal.project.ScalaProject.prepareCompilerSettings(ScalaProject.scala:438)
	at org.scalaide.core.internal.project.ScalaProject.$anonfun$presentationCompiler$1(ScalaProject.scala:162)
	at org.scalaide.core.internal.compiler.PresentationCompilerProxy.liftedTree1$1(PresentationCompilerProxy.scala:154)
	at org.scalaide.core.internal.compiler.PresentationCompilerProxy.create(PresentationCompilerProxy.scala:153)
	at org.scalaide.core.internal.compiler.PresentationCompilerProxy.initialize(PresentationCompilerProxy.scala:118)
	at org.scalaide.core.internal.compiler.PresentationCompilerProxy.obtainPc$1(PresentationCompilerProxy.scala:80)
	at org.scalaide.core.internal.compiler.PresentationCompilerProxy.internal(PresentationCompilerProxy.scala:100)
	at org.scalaide.core.internal.compiler.PresentationCompilerProxy.apply(PresentationCompilerProxy.scala:58)
	at org.scalaide.core.compiler.InteractiveCompilationUnit.withSourceFile(InteractiveCompilationUnit.scala:201)
	at org.scalaide.core.compiler.InteractiveCompilationUnit.withSourceFile$(InteractiveCompilationUnit.scala:200)
	at org.scalaide.core.internal.jdt.model.ScalaSourceFile.withSourceFile(ScalaSourceFile.scala:71)
	at org.scalaide.ui.internal.editor.hover.ScalaHoverImpl.$anonfun$getHoverInfo2$1(ScalaHoverImpl.scala:103)
	at scala.Option.map(Option.scala:146)
	at org.scalaide.ui.internal.editor.hover.ScalaHoverImpl.getHoverInfo2(ScalaHoverImpl.scala:101)
	at org.scalaide.debug.internal.editor.TextHoverFactory$$anon$1.super$getHoverInfo2(TextHoverFactory.scala:53)
	at org.scalaide.debug.internal.editor.TextHoverFactory$$anon$1.$anonfun$getHoverInfo2$6(TextHoverFactory.scala:53)
	at scala.Option.getOrElse(Option.scala:121)
	at org.scalaide.debug.internal.editor.TextHoverFactory$$anon$1.$anonfun$getHoverInfo2$1(TextHoverFactory.scala:51)
	at scala.Option.map(Option.scala:146)
	at org.scalaide.debug.internal.editor.TextHoverFactory$$anon$1.getHoverInfo2(TextHoverFactory.scala:37)
	at org.eclipse.jface.text.TextViewerHoverManager$4.run(TextViewerHoverManager.java:166)
2018-11-18 13:47:24,576  WARN [org.scalaide.ui.internal.reconciliation.ScalaReconciler] - ImplicitHighlightingPresenter - Timeout while waiting for `askLoadedTyped` during semantic highlighting.
2018-11-18 13:47:24,950 ERROR [Text Viewer Hover Presenter] - IScalaPresentationCompiler$ - Ignoring InterruptException
2018-11-18 13:47:24,950 ERROR [Text Viewer Hover Presenter] - IScalaPresentationCompiler$ - Ignoring InterruptException
2018-11-18 13:47:24,951 ERROR [Text Viewer Hover Presenter] - IScalaPresentationCompiler$ - Ignoring InterruptException
2018-11-18 13:47:25,143  WARN [org.scalaide.ui.internal.reconciliation.ScalaReconciler] - CustomSemanticAction - Timeout while waiting for `askLoadedTyped` during semantic highlighting.
2018-11-18 13:47:27,460  WARN [org.scalaide.ui.internal.reconciliation.ScalaReconciler] - CallByNameParamAtCreationPresenter - Timeout while waiting for `askLoadedTyped` during semantic highlighting.
2018-11-18 13:47:55,742 ERROR [Text Viewer Hover Presenter] - IScalaPresentationCompiler$ - Ignoring InterruptException
2018-11-18 13:47:55,870 ERROR [Text Viewer Hover Presenter] - IScalaPresentationCompiler$ - Ignoring InterruptException
2018-11-18 13:47:55,870 ERROR [Text Viewer Hover Presenter] - IScalaPresentationCompiler$ - Ignoring InterruptException
2018-11-18 14:34:04,030 ERROR [Text Viewer Hover Presenter] - IScalaPresentationCompiler$ - Ignoring InterruptException
2018-11-18 14:34:04,032 ERROR [Text Viewer Hover Presenter] - IScalaPresentationCompiler$ - Ignoring InterruptException
2018-11-18 14:34:04,032 ERROR [Text Viewer Hover Presenter] - IScalaPresentationCompiler$ - Ignoring InterruptException
2018-11-18 14:34:06,977  WARN [org.scalaide.ui.internal.reconciliation.ScalaReconciler] - CustomSemanticAction - Timeout while waiting for `askLoadedTyped` during semantic highlighting.
2018-11-18 14:34:07,203  WARN [org.scalaide.ui.internal.reconciliation.ScalaReconciler] - CallByNameParamAtCreationPresenter - Timeout while waiting for `askLoadedTyped` during semantic highlighting.
2018-11-18 14:34:32,605  WARN [org.scalaide.ui.internal.reconciliation.ScalaReconciler] - CustomSemanticAction - Timeout while waiting for `askLoadedTyped` during semantic highlighting.
2018-11-18 14:34:37,757 ERROR [Text Viewer Hover Presenter] - IScalaPresentationCompiler$ - Ignoring InterruptException
2018-11-18 14:34:37,758 ERROR [Text Viewer Hover Presenter] - IScalaPresentationCompiler$ - Ignoring InterruptException
2018-11-18 14:34:37,758 ERROR [Text Viewer Hover Presenter] - IScalaPresentationCompiler$ - Ignoring InterruptException
2018-11-18 14:34:51,006 ERROR [Text Viewer Hover Presenter] - IScalaPresentationCompiler$ - Ignoring InterruptException
2018-11-18 14:34:51,007 ERROR [Text Viewer Hover Presenter] - IScalaPresentationCompiler$ - Ignoring InterruptException
2018-11-18 14:34:51,007 ERROR [Text Viewer Hover Presenter] - IScalaPresentationCompiler$ - Ignoring InterruptException
2018-11-18 14:40:00,335 ERROR [Text Viewer Hover Presenter] - IScalaPresentationCompiler$ - Ignoring InterruptException
2018-11-18 14:40:00,336 ERROR [Text Viewer Hover Presenter] - IScalaPresentationCompiler$ - Ignoring InterruptException
2018-11-18 14:40:00,336 ERROR [Text Viewer Hover Presenter] - IScalaPresentationCompiler$ - Ignoring InterruptException
2018-11-18 14:49:17,402  WARN [org.scalaide.ui.internal.reconciliation.ScalaReconciler] - ImplicitHighlightingPresenter - Timeout while waiting for `askLoadedTyped` during semantic highlighting.
2018-11-18 14:49:17,865  WARN [org.scalaide.ui.internal.reconciliation.ScalaReconciler] - CustomSemanticAction - Timeout while waiting for `askLoadedTyped` during semantic highlighting.
2018-11-18 17:00:14,288  WARN [org.scalaide.ui.internal.reconciliation.ScalaReconciler] - ImplicitHighlightingPresenter - Timeout while waiting for `askLoadedTyped` during semantic highlighting.
2018-11-18 17:00:14,625 ERROR [Text Viewer Hover Presenter] - IScalaPresentationCompiler$ - Ignoring InterruptException
2018-11-18 17:00:14,625 ERROR [Text Viewer Hover Presenter] - IScalaPresentationCompiler$ - Ignoring InterruptException
2018-11-18 17:00:14,628 ERROR [Text Viewer Hover Presenter] - IScalaPresentationCompiler$ - Ignoring InterruptException
2018-11-18 17:00:14,803  WARN [org.scalaide.ui.internal.reconciliation.ScalaReconciler] - CustomSemanticAction - Timeout while waiting for `askLoadedTyped` during semantic highlighting.
2018-11-18 17:00:19,642  WARN [org.scalaide.ui.internal.reconciliation.ScalaReconciler] - ImplicitHighlightingPresenter - Timeout while waiting for `askLoadedTyped` during semantic highlighting.
2018-11-18 17:00:30,022 ERROR [Text Viewer Hover Presenter] - IScalaPresentationCompiler$ - Ignoring InterruptException
2018-11-18 17:00:30,023 ERROR [Text Viewer Hover Presenter] - IScalaPresentationCompiler$ - Ignoring InterruptException
2018-11-18 17:00:30,023 ERROR [Text Viewer Hover Presenter] - IScalaPresentationCompiler$ - Ignoring InterruptException
2018-11-18 17:05:43,575 ERROR [Text Viewer Hover Presenter] - IScalaPresentationCompiler$ - Ignoring InterruptException
2018-11-18 17:05:43,575 ERROR [Text Viewer Hover Presenter] - IScalaPresentationCompiler$ - Ignoring InterruptException
2018-11-18 17:05:43,575 ERROR [Text Viewer Hover Presenter] - IScalaPresentationCompiler$ - Ignoring InterruptException
2018-11-18 17:07:52,290 ERROR [Text Viewer Hover Presenter] - IScalaPresentationCompiler$ - Ignoring InterruptException
2018-11-18 17:07:52,290 ERROR [Text Viewer Hover Presenter] - IScalaPresentationCompiler$ - Ignoring InterruptException
2018-11-18 17:07:52,291 ERROR [Text Viewer Hover Presenter] - IScalaPresentationCompiler$ - Ignoring InterruptException
2018-11-18 17:42:21,325 ERROR [Text Viewer Hover Presenter] - IScalaPresentationCompiler$ - Ignoring InterruptException
2018-11-18 17:42:21,327 ERROR [Text Viewer Hover Presenter] - IScalaPresentationCompiler$ - Ignoring InterruptException
2018-11-18 17:42:21,331 ERROR [Text Viewer Hover Presenter] - IScalaPresentationCompiler$ - Ignoring InterruptException
2018-11-18 17:57:52,300 ERROR [Text Viewer Hover Presenter] - IScalaPresentationCompiler$ - Ignoring InterruptException
2018-11-18 17:57:52,303 ERROR [Text Viewer Hover Presenter] - IScalaPresentationCompiler$ - Ignoring InterruptException
2018-11-18 17:57:52,303 ERROR [Text Viewer Hover Presenter] - IScalaPresentationCompiler$ - Ignoring InterruptException
2018-11-18 18:36:51,351  WARN [org.scalaide.ui.internal.reconciliation.ScalaReconciler] - ImplicitHighlightingPresenter - Timeout while waiting for `askLoadedTyped` during semantic highlighting.
2018-11-18 18:36:52,039  WARN [org.scalaide.ui.internal.reconciliation.ScalaReconciler] - CustomSemanticAction - Timeout while waiting for `askLoadedTyped` during semantic highlighting.
2018-11-18 18:36:52,264  WARN [org.scalaide.ui.internal.reconciliation.ScalaReconciler] - CallByNameParamAtCreationPresenter - Timeout while waiting for `askLoadedTyped` during semantic highlighting.
2018-11-18 18:38:06,301 ERROR [Text Viewer Hover Presenter] - IScalaPresentationCompiler$ - Ignoring InterruptException
2018-11-18 18:38:06,302 ERROR [Text Viewer Hover Presenter] - IScalaPresentationCompiler$ - Ignoring InterruptException
2018-11-18 18:38:06,302 ERROR [Text Viewer Hover Presenter] - IScalaPresentationCompiler$ - Ignoring InterruptException
2018-11-18 18:53:12,207  WARN [org.scalaide.ui.internal.reconciliation.ScalaReconciler] - ImplicitHighlightingPresenter - Timeout while waiting for `askLoadedTyped` during semantic highlighting.
2018-11-18 18:53:13,024  WARN [org.scalaide.ui.internal.reconciliation.ScalaReconciler] - CustomSemanticAction - Timeout while waiting for `askLoadedTyped` during semantic highlighting.
2018-11-18 18:53:16,942  WARN [org.scalaide.ui.internal.reconciliation.ScalaReconciler] - CustomSemanticAction - Timeout while waiting for `askLoadedTyped` during semantic highlighting.
2018-11-18 18:55:18,900  WARN [org.scalaide.ui.internal.reconciliation.ScalaReconciler] - CallByNameParamAtCreationPresenter - Timeout while waiting for `askLoadedTyped` during semantic highlighting.
2018-11-18 18:55:21,230  WARN [org.scalaide.ui.internal.reconciliation.ScalaReconciler] - CallByNameParamAtCreationPresenter - Timeout while waiting for `askLoadedTyped` during semantic highlighting.
2018-11-18 19:00:51,481 ERROR [Text Viewer Hover Presenter] - IScalaPresentationCompiler$ - Ignoring InterruptException
2018-11-18 19:00:51,509 ERROR [Text Viewer Hover Presenter] - IScalaPresentationCompiler$ - Ignoring InterruptException
2018-11-18 19:00:51,509 ERROR [Text Viewer Hover Presenter] - IScalaPresentationCompiler$ - Ignoring InterruptException
2018-11-18 19:00:51,509 ERROR [Text Viewer Hover Presenter] - IScalaPresentationCompiler$ - Ignoring InterruptException
2018-11-18 19:03:15,194 ERROR [Text Viewer Hover Presenter] - IScalaPresentationCompiler$ - Ignoring InterruptException
2018-11-18 19:03:15,194 ERROR [Text Viewer Hover Presenter] - IScalaPresentationCompiler$ - Ignoring InterruptException
2018-11-18 19:03:15,194 ERROR [Text Viewer Hover Presenter] - IScalaPresentationCompiler$ - Ignoring InterruptException
2018-11-18 19:19:10,789 ERROR [Text Viewer Hover Presenter] - IScalaPresentationCompiler$ - Ignoring InterruptException
2018-11-18 19:19:10,790 ERROR [Text Viewer Hover Presenter] - IScalaPresentationCompiler$ - Ignoring InterruptException
2018-11-18 19:19:10,790 ERROR [Text Viewer Hover Presenter] - IScalaPresentationCompiler$ - Ignoring InterruptException
2018-11-18 19:19:42,666 ERROR [Text Viewer Hover Presenter] - IScalaPresentationCompiler$ - Ignoring InterruptException
2018-11-18 19:19:42,667 ERROR [Text Viewer Hover Presenter] - IScalaPresentationCompiler$ - Ignoring InterruptException
2018-11-18 19:19:42,667 ERROR [Text Viewer Hover Presenter] - IScalaPresentationCompiler$ - Ignoring InterruptException
2018-11-18 19:20:14,675 ERROR [Text Viewer Hover Presenter] - IScalaPresentationCompiler$ - Ignoring InterruptException
2018-11-18 19:20:14,676 ERROR [Text Viewer Hover Presenter] - IScalaPresentationCompiler$ - Ignoring InterruptException
2018-11-18 19:20:14,676 ERROR [Text Viewer Hover Presenter] - IScalaPresentationCompiler$ - Ignoring InterruptException
2018-11-18 19:21:21,411 ERROR [Text Viewer Hover Presenter] - IScalaPresentationCompiler$ - Ignoring InterruptException
2018-11-18 19:21:21,412 ERROR [Text Viewer Hover Presenter] - IScalaPresentationCompiler$ - Ignoring InterruptException
2018-11-18 19:21:21,412 ERROR [Text Viewer Hover Presenter] - IScalaPresentationCompiler$ - Ignoring InterruptException
2018-11-18 19:24:06,347 ERROR [Text Viewer Hover Presenter] - IScalaPresentationCompiler$ - Ignoring InterruptException
2018-11-18 19:24:06,348 ERROR [Text Viewer Hover Presenter] - IScalaPresentationCompiler$ - Ignoring InterruptException
2018-11-18 19:24:06,350 ERROR [Text Viewer Hover Presenter] - IScalaPresentationCompiler$ - Ignoring InterruptException
2018-11-18 19:24:26,604 ERROR [Text Viewer Hover Presenter] - IScalaPresentationCompiler$ - Ignoring InterruptException
2018-11-18 19:24:26,604 ERROR [Text Viewer Hover Presenter] - IScalaPresentationCompiler$ - Ignoring InterruptException
2018-11-18 19:24:26,604 ERROR [Text Viewer Hover Presenter] - IScalaPresentationCompiler$ - Ignoring InterruptException
2018-11-18 19:27:40,669 ERROR [Text Viewer Hover Presenter] - IScalaPresentationCompiler$ - Ignoring InterruptException
2018-11-18 19:27:40,669 ERROR [Text Viewer Hover Presenter] - IScalaPresentationCompiler$ - Ignoring InterruptException
2018-11-18 19:27:40,669 ERROR [Text Viewer Hover Presenter] - IScalaPresentationCompiler$ - Ignoring InterruptException
2018-11-18 19:28:41,941 ERROR [Text Viewer Hover Presenter] - IScalaPresentationCompiler$ - Ignoring InterruptException
2018-11-18 19:28:41,941 ERROR [Text Viewer Hover Presenter] - IScalaPresentationCompiler$ - Ignoring InterruptException
2018-11-18 19:28:41,941 ERROR [Text Viewer Hover Presenter] - IScalaPresentationCompiler$ - Ignoring InterruptException
2018-11-18 19:31:30,068 ERROR [Text Viewer Hover Presenter] - IScalaPresentationCompiler$ - Ignoring InterruptException
2018-11-18 19:31:30,068 ERROR [Text Viewer Hover Presenter] - IScalaPresentationCompiler$ - Ignoring InterruptException
2018-11-18 19:31:30,068 ERROR [Text Viewer Hover Presenter] - IScalaPresentationCompiler$ - Ignoring InterruptException
2018-11-18 19:34:46,662 ERROR [Text Viewer Hover Presenter] - IScalaPresentationCompiler$ - Ignoring InterruptException
2018-11-18 19:34:46,662 ERROR [Text Viewer Hover Presenter] - IScalaPresentationCompiler$ - Ignoring InterruptException
2018-11-18 19:34:46,664 ERROR [Text Viewer Hover Presenter] - IScalaPresentationCompiler$ - Ignoring InterruptException
2018-11-18 19:35:09,109 ERROR [Text Viewer Hover Presenter] - IScalaPresentationCompiler$ - Ignoring InterruptException
2018-11-18 19:35:09,109 ERROR [Text Viewer Hover Presenter] - IScalaPresentationCompiler$ - Ignoring InterruptException
2018-11-18 19:35:09,109 ERROR [Text Viewer Hover Presenter] - IScalaPresentationCompiler$ - Ignoring InterruptException
2018-11-18 19:46:19,132  WARN [org.scalaide.ui.internal.reconciliation.ScalaReconciler] - ImplicitHighlightingPresenter - Timeout while waiting for `askLoadedTyped` during semantic highlighting.
2018-11-18 19:46:19,132  WARN [org.scalaide.ui.internal.reconciliation.ScalaReconciler] - ImplicitHighlightingPresenter - Timeout while waiting for `askLoadedTyped` during semantic highlighting.
2018-11-18 19:46:19,718  WARN [org.scalaide.ui.internal.reconciliation.ScalaReconciler] - ImplicitHighlightingPresenter - Timeout while waiting for `askLoadedTyped` during semantic highlighting.
2018-11-18 19:46:20,644  WARN [org.scalaide.ui.internal.reconciliation.ScalaReconciler] - CustomSemanticAction - Timeout while waiting for `askLoadedTyped` during semantic highlighting.
2018-11-18 19:46:20,646  WARN [org.scalaide.ui.internal.reconciliation.ScalaReconciler] - CustomSemanticAction - Timeout while waiting for `askLoadedTyped` during semantic highlighting.
2018-11-18 19:46:20,875  WARN [org.scalaide.ui.internal.reconciliation.ScalaReconciler] - CustomSemanticAction - Timeout while waiting for `askLoadedTyped` during semantic highlighting.
2018-11-18 19:46:21,125  WARN [org.scalaide.ui.internal.reconciliation.ScalaReconciler] - CallByNameParamAtCreationPresenter - Timeout while waiting for `askLoadedTyped` during semantic highlighting.
2018-11-18 19:46:21,608  WARN [org.scalaide.ui.internal.reconciliation.ScalaReconciler] - CallByNameParamAtCreationPresenter - Timeout while waiting for `askLoadedTyped` during semantic highlighting.
2018-11-18 19:46:21,617  WARN [org.scalaide.ui.internal.reconciliation.ScalaReconciler] - CallByNameParamAtCreationPresenter - Timeout while waiting for `askLoadedTyped` during semantic highlighting.
2018-11-18 19:46:24,796  WARN [org.scalaide.ui.internal.reconciliation.ScalaReconciler] - ImplicitHighlightingPresenter - Timeout while waiting for `askLoadedTyped` during semantic highlighting.
2018-11-18 19:46:24,998  WARN [org.scalaide.ui.internal.reconciliation.ScalaReconciler] - CustomSemanticAction - Timeout while waiting for `askLoadedTyped` during semantic highlighting.
2018-11-18 19:46:25,252  WARN [org.scalaide.ui.internal.reconciliation.ScalaReconciler] - CustomSemanticAction - Timeout while waiting for `askLoadedTyped` during semantic highlighting.
2018-11-18 19:46:25,255  WARN [org.scalaide.ui.internal.reconciliation.ScalaReconciler] - CustomSemanticAction - Timeout while waiting for `askLoadedTyped` during semantic highlighting.
2018-11-18 19:46:25,455  WARN [org.scalaide.ui.internal.reconciliation.ScalaReconciler] - CallByNameParamAtCreationPresenter - Timeout while waiting for `askLoadedTyped` during semantic highlighting.
2018-11-18 19:46:25,455  WARN [org.scalaide.ui.internal.reconciliation.ScalaReconciler] - CallByNameParamAtCreationPresenter - Timeout while waiting for `askLoadedTyped` during semantic highlighting.
2018-11-18 19:46:47,604 ERROR [Text Viewer Hover Presenter] - IScalaPresentationCompiler$ - Ignoring InterruptException
2018-11-18 19:46:47,605 ERROR [Text Viewer Hover Presenter] - IScalaPresentationCompiler$ - Ignoring InterruptException
2018-11-18 19:46:47,605 ERROR [Text Viewer Hover Presenter] - IScalaPresentationCompiler$ - Ignoring InterruptException
2018-11-18 19:46:49,440 ERROR [Text Viewer Hover Presenter] - IScalaPresentationCompiler$ - Ignoring InterruptException
2018-11-18 19:46:49,441 ERROR [Text Viewer Hover Presenter] - IScalaPresentationCompiler$ - Ignoring InterruptException
2018-11-18 19:46:49,441 ERROR [Text Viewer Hover Presenter] - IScalaPresentationCompiler$ - Ignoring InterruptException
2018-11-18 19:58:28,922 ERROR [Text Viewer Hover Presenter] - IScalaPresentationCompiler$ - Ignoring InterruptException
2018-11-18 19:58:28,923 ERROR [Text Viewer Hover Presenter] - IScalaPresentationCompiler$ - Ignoring InterruptException
2018-11-18 19:58:28,923 ERROR [Text Viewer Hover Presenter] - IScalaPresentationCompiler$ - Ignoring InterruptException
2018-11-18 20:00:50,067 ERROR [Text Viewer Hover Presenter] - IScalaPresentationCompiler$ - Ignoring InterruptException
2018-11-18 20:00:50,067 ERROR [Text Viewer Hover Presenter] - IScalaPresentationCompiler$ - Ignoring InterruptException
2018-11-18 20:00:50,068 ERROR [Text Viewer Hover Presenter] - IScalaPresentationCompiler$ - Ignoring InterruptException
2018-11-18 20:02:47,146 ERROR [Text Viewer Hover Presenter] - IScalaPresentationCompiler$ - Ignoring InterruptException
2018-11-18 20:02:47,147 ERROR [Text Viewer Hover Presenter] - IScalaPresentationCompiler$ - Ignoring InterruptException
2018-11-18 20:02:47,147 ERROR [Text Viewer Hover Presenter] - IScalaPresentationCompiler$ - Ignoring InterruptException
2018-11-18 20:08:53,491  WARN [org.scalaide.ui.internal.reconciliation.ScalaReconciler] - CustomSemanticAction - Timeout while waiting for `askLoadedTyped` during semantic highlighting.
2018-11-19 10:29:18,173  WARN [ModalContext] - ScalaProject - Project StackOverflowProject has platform default sourceLevel.
2018-11-19 10:29:18,178  WARN [ModalContext] - ScalaProject - Project StackOverflowProject runs on platform default installation.
2018-11-19 10:29:18,882  WARN [Worker-68] - ScalaProject - Project StackOverflowProject has platform default sourceLevel.
2018-11-19 10:29:18,882  WARN [Worker-68] - ScalaProject - Project StackOverflowProject runs on platform default installation.
2018-11-19 10:30:10,125  WARN [Worker-78] - ScalaProject - Project StackOverflowProject has platform default sourceLevel.
2018-11-19 10:30:10,126  WARN [Worker-78] - ScalaProject - Project StackOverflowProject runs on platform default installation.
2018-11-19 10:30:26,295  WARN [Worker-78] - ScalaProject - Project StackOverflowProject has platform default sourceLevel.
2018-11-19 10:30:26,296  WARN [Worker-78] - ScalaProject - Project StackOverflowProject runs on platform default installation.
2018-11-19 10:30:26,823  WARN [Java indexing] - ScalaProject - Project StackOverflowProject has platform default sourceLevel.
2018-11-19 10:30:26,823  WARN [Java indexing] - ScalaProject - Project StackOverflowProject runs on platform default installation.
2018-11-19 10:30:38,476  WARN [org.scalaide.ui.internal.reconciliation.ScalaReconciler] - ImplicitHighlightingPresenter - Timeout while waiting for `askLoadedTyped` during semantic highlighting.
2018-11-19 10:31:29,666  WARN [ModalContext] - ScalaProject - Project StackOverflowProject has platform default sourceLevel.
2018-11-19 10:31:29,667  WARN [ModalContext] - ScalaProject - Project StackOverflowProject runs on platform default installation.
2018-11-19 10:31:33,499  WARN [Worker-76] - ScalaProject - Project StackOverflowProject has platform default sourceLevel.
2018-11-19 10:31:33,499  WARN [Worker-76] - ScalaProject - Project StackOverflowProject runs on platform default installation.
2018-11-19 11:41:47,238  WARN [org.scalaide.ui.internal.reconciliation.ScalaReconciler] - CallByNameParamAtCreationPresenter - Timeout while waiting for `askLoadedTyped` during semantic highlighting.
2018-11-19 11:53:32,189  WARN [org.scalaide.ui.internal.reconciliation.ScalaReconciler] - ImplicitHighlightingPresenter - Timeout while waiting for `askLoadedTyped` during semantic highlighting.
2018-11-19 11:54:05,975  WARN [org.scalaide.ui.internal.reconciliation.ScalaReconciler] - CallByNameParamAtCreationPresenter - Timeout while waiting for `askLoadedTyped` during semantic highlighting.
2018-11-19 11:55:39,589 ERROR [Text Viewer Hover Presenter] - IScalaPresentationCompiler$ - Ignoring InterruptException
2018-11-19 11:55:39,601 ERROR [Text Viewer Hover Presenter] - IScalaPresentationCompiler$ - Ignoring InterruptException
2018-11-19 11:55:39,602 ERROR [Text Viewer Hover Presenter] - IScalaPresentationCompiler$ - Ignoring InterruptException
2018-11-19 11:55:39,604 ERROR [Text Viewer Hover Presenter] - IScalaPresentationCompiler$ - Ignoring InterruptException
2018-11-19 11:55:39,605 ERROR [Text Viewer Hover Presenter] - IScalaPresentationCompiler$ - Ignoring InterruptException
2018-11-19 11:55:39,605 ERROR [Text Viewer Hover Presenter] - IScalaPresentationCompiler$ - Ignoring InterruptException
2018-11-19 11:55:39,607 ERROR [Text Viewer Hover Presenter] - IScalaPresentationCompiler$ - Ignoring InterruptException
2018-11-19 11:55:39,612 ERROR [Text Viewer Hover Presenter] - IScalaPresentationCompiler$ - Ignoring InterruptException
2018-11-19 11:58:16,897  WARN [ModalContext] - ScalaProject - Project StackOverflowProject has platform default sourceLevel.
2018-11-19 11:58:16,900  WARN [ModalContext] - ScalaProject - Project StackOverflowProject runs on platform default installation.
2018-11-19 11:58:17,468  WARN [Worker-11] - ScalaProject - Project StackOverflowProject has platform default sourceLevel.
2018-11-19 11:58:17,548  WARN [Worker-11] - ScalaProject - Project StackOverflowProject runs on platform default installation.
2018-11-19 11:58:46,914  WARN [Worker-12] - ScalaProject - Project StackOverflowProject has platform default sourceLevel.
2018-11-19 11:58:46,915  WARN [Worker-12] - ScalaProject - Project StackOverflowProject runs on platform default installation.
2018-11-19 11:59:03,969  WARN [Worker-18] - ScalaProject - Project StackOverflowProject has platform default sourceLevel.
2018-11-19 11:59:03,969  WARN [Worker-18] - ScalaProject - Project StackOverflowProject runs on platform default installation.
2018-11-19 11:59:04,369  WARN [Java indexing] - ScalaProject - Project StackOverflowProject has platform default sourceLevel.
2018-11-19 11:59:04,369  WARN [Java indexing] - ScalaProject - Project StackOverflowProject runs on platform default installation.
2018-11-19 11:59:41,512  WARN [Worker-3] - ScalaProject - Project StackOverflowProject has platform default sourceLevel.
2018-11-19 11:59:41,512  WARN [Worker-3] - ScalaProject - Project StackOverflowProject runs on platform default installation.
2018-11-19 11:59:44,195  WARN [Worker-15] - ScalaProject - Project StackOverflowProject has platform default sourceLevel.
2018-11-19 11:59:44,195  WARN [Worker-15] - ScalaProject - Project StackOverflowProject runs on platform default installation.
2018-11-19 12:00:06,324  WARN [main] - org.scala-ide.sdt.core - org.scala-ide.sdt.core - org.scala-ide.sdt.core - 0 - Preference scala.compiler.sourceLevel was uninitialized for StackOverflowProject, setting default to 2.12.
2018-11-19 12:00:16,961  WARN [org.scalaide.ui.internal.reconciliation.ScalaReconciler] - CustomSemanticAction - Timeout while waiting for `askLoadedTyped` during semantic highlighting.
2018-11-19 12:00:23,376  WARN [org.scalaide.ui.internal.reconciliation.ScalaReconciler] - CallByNameParamAtCreationPresenter - Timeout while waiting for `askLoadedTyped` during semantic highlighting.
2018-11-19 13:06:32,299  WARN [org.scalaide.ui.internal.reconciliation.ScalaReconciler] - ImplicitHighlightingPresenter - Timeout while waiting for `askLoadedTyped` during semantic highlighting.
2018-11-19 13:06:53,341 ERROR [Text Viewer Hover Presenter] - IScalaPresentationCompiler$ - Ignoring InterruptException
2018-11-19 13:06:53,342 ERROR [Text Viewer Hover Presenter] - IScalaPresentationCompiler$ - Ignoring InterruptException
2018-11-19 13:06:53,342 ERROR [Text Viewer Hover Presenter] - IScalaPresentationCompiler$ - Ignoring InterruptException
2018-11-19 13:07:07,204  WARN [org.scalaide.ui.internal.reconciliation.ScalaReconciler] - CallByNameParamAtCreationPresenter - Timeout while waiting for `askLoadedTyped` during semantic highlighting.
2018-11-19 13:07:17,377  WARN [org.scalaide.ui.internal.reconciliation.ScalaReconciler] - CustomSemanticAction - Timeout while waiting for `askLoadedTyped` during semantic highlighting.
2018-11-19 14:23:52,239  WARN [org.scalaide.ui.internal.reconciliation.ScalaReconciler] - ImplicitHighlightingPresenter - Timeout while waiting for `askLoadedTyped` during semantic highlighting.
2018-11-19 14:23:52,241  WARN [org.scalaide.ui.internal.reconciliation.ScalaReconciler] - ImplicitHighlightingPresenter - Timeout while waiting for `askLoadedTyped` during semantic highlighting.
2018-11-19 14:23:52,239  WARN [org.scalaide.ui.internal.reconciliation.ScalaReconciler] - ImplicitHighlightingPresenter - Timeout while waiting for `askLoadedTyped` during semantic highlighting.
2018-11-19 14:23:52,660  WARN [org.scalaide.ui.internal.reconciliation.ScalaReconciler] - CustomSemanticAction - Timeout while waiting for `askLoadedTyped` during semantic highlighting.
2018-11-19 14:23:52,445  WARN [org.scalaide.ui.internal.reconciliation.ScalaReconciler] - CustomSemanticAction - Timeout while waiting for `askLoadedTyped` during semantic highlighting.
2018-11-19 14:23:52,860  WARN [org.scalaide.ui.internal.reconciliation.ScalaReconciler] - CustomSemanticAction - Timeout while waiting for `askLoadedTyped` during semantic highlighting.
2018-11-19 14:23:52,910  WARN [org.scalaide.ui.internal.reconciliation.ScalaReconciler] - CallByNameParamAtCreationPresenter - Timeout while waiting for `askLoadedTyped` during semantic highlighting.
2018-11-19 14:23:52,878  WARN [org.scalaide.ui.internal.reconciliation.ScalaReconciler] - CallByNameParamAtCreationPresenter - Timeout while waiting for `askLoadedTyped` during semantic highlighting.
2018-11-19 14:23:53,062  WARN [org.scalaide.ui.internal.reconciliation.ScalaReconciler] - CallByNameParamAtCreationPresenter - Timeout while waiting for `askLoadedTyped` during semantic highlighting.
2018-11-19 14:24:00,358  WARN [org.scalaide.ui.internal.reconciliation.ScalaReconciler] - CallByNameParamAtCreationPresenter - Timeout while waiting for `askLoadedTyped` during semantic highlighting.
2018-11-19 14:31:11,575 ERROR [Text Viewer Hover Presenter] - IScalaPresentationCompiler$ - Ignoring InterruptException
2018-11-19 14:31:11,578 ERROR [Text Viewer Hover Presenter] - IScalaPresentationCompiler$ - Ignoring InterruptException
2018-11-19 14:31:11,583 ERROR [Text Viewer Hover Presenter] - IScalaPresentationCompiler$ - Ignoring InterruptException
